TN:
SF:./app/main/js/main.module.js
FN:2,(anonymous_1)
FNF:1
FNH:1
FNDA:65,(anonymous_1)
DA:1,1
DA:4,65
LF:2
LH:2
BRF:0
BRH:0
end_of_record
TN:
SF:./app/main/js/app.controller.js
FN:1,(anonymous_1)
FNF:1
FNH:0
FNDA:0,(anonymous_1)
DA:1,1
DA:3,0
LF:2
LH:1
BRF:0
BRH:0
end_of_record
TN:
SF:./app/main/js/current-context-path.service.js
FN:1,(anonymous_1)
FN:5,(anonymous_2)
FNF:2
FNH:2
FNDA:53,(anonymous_1)
FNDA:14,(anonymous_2)
DA:1,1
DA:3,53
DA:4,53
DA:6,14
DA:10,14
DA:11,14
DA:12,14
DA:13,14
DA:14,14
DA:15,14
DA:16,14
DA:17,14
DA:18,14
DA:23,14
LF:14
LH:14
BRDA:6,1,0,0
BRDA:6,1,1,14
BRDA:10,2,0,14
BRDA:10,2,1,0
BRDA:13,3,0,14
BRDA:13,3,1,0
BRDA:13,4,0,14
BRDA:13,4,1,14
BRDA:15,5,0,14
BRDA:15,5,1,0
BRDA:17,6,0,14
BRDA:17,6,1,0
BRF:12
BRH:7
end_of_record
TN:
SF:./app/books/js/books.module.js
FN:1,(anonymous_1)
FNF:1
FNH:1
FNDA:55,(anonymous_1)
DA:1,1
DA:3,55
DA:7,55
LF:3
LH:3
BRF:0
BRH:0
end_of_record
TN:
SF:./app/books/js/add-book.controller.js
FN:1,(anonymous_1)
FN:6,(anonymous_2)
FN:12,(anonymous_3)
FN:15,(anonymous_4)
FN:30,(anonymous_5)
FN:33,(anonymous_6)
FN:36,(anonymous_7)
FN:46,(anonymous_8)
FN:51,(anonymous_9)
FNF:9
FNH:9
FNDA:13,(anonymous_1)
FNDA:5,(anonymous_2)
FNDA:1,(anonymous_3)
FNDA:1,(anonymous_4)
FNDA:4,(anonymous_5)
FNDA:2,(anonymous_6)
FNDA:2,(anonymous_7)
FNDA:1,(anonymous_8)
FNDA:1,(anonymous_9)
DA:1,1
DA:4,13
DA:6,13
DA:7,5
DA:8,5
DA:10,5
DA:11,2
DA:13,1
DA:14,1
DA:16,1
DA:19,3
DA:20,1
DA:22,2
DA:23,1
DA:25,1
DA:26,1
DA:30,13
DA:31,4
DA:33,4
DA:34,2
DA:35,2
DA:37,2
DA:41,13
DA:46,13
DA:47,1
DA:48,1
DA:51,13
DA:52,1
DA:53,1
DA:54,1
DA:55,1
LF:31
LH:31
BRDA:10,1,0,2
BRDA:10,1,1,3
BRDA:10,2,0,5
BRDA:10,2,1,3
BRDA:19,3,0,1
BRDA:19,3,1,2
BRDA:19,4,0,3
BRDA:19,4,1,2
BRDA:22,5,0,1
BRDA:22,5,1,1
BRDA:22,6,0,2
BRDA:22,6,1,1
BRDA:25,7,0,1
BRDA:25,7,1,0
BRDA:25,8,0,1
BRDA:25,8,1,1
BRDA:53,9,0,1
BRDA:53,9,1,0
BRF:18
BRH:16
end_of_record
TN:
SF:./app/books/js/add-book.rest.service.js
FN:1,(anonymous_1)
FN:5,(anonymous_2)
FNF:2
FNH:2
FNDA:17,(anonymous_1)
FNDA:1,(anonymous_2)
DA:1,1
DA:4,17
DA:6,1
LF:3
LH:3
BRF:0
BRH:0
end_of_record
TN:
SF:./app/books/js/add-book.service.js
FN:1,(anonymous_1)
FN:5,(anonymous_2)
FNF:2
FNH:2
FNDA:15,(anonymous_1)
FNDA:1,(anonymous_2)
DA:1,1
DA:4,15
DA:6,1
LF:3
LH:3
BRF:0
BRH:0
end_of_record
TN:
SF:./app/books/js/author-modal.controller.js
FN:1,(anonymous_1)
FN:9,(anonymous_2)
FNF:2
FNH:2
FNDA:5,(anonymous_1)
FNDA:4,(anonymous_2)
DA:1,1
DA:3,5
DA:9,5
DA:10,4
DA:11,4
DA:13,4
DA:14,3
DA:15,1
DA:18,2
DA:19,1
DA:22,1
DA:27,1
LF:12
LH:12
BRDA:13,1,0,3
BRDA:13,1,1,1
BRDA:14,2,0,1
BRDA:14,2,1,2
BRDA:14,3,0,3
BRDA:14,3,1,2
BRDA:18,4,0,1
BRDA:18,4,1,1
BRF:8
BRH:8
end_of_record
TN:
SF:./app/books/js/book-modal.controller.js
FN:1,(anonymous_1)
FN:6,(anonymous_2)
FNF:2
FNH:2
FNDA:3,(anonymous_1)
FNDA:2,(anonymous_2)
DA:1,1
DA:4,3
DA:6,3
DA:7,2
DA:8,1
DA:11,1
LF:6
LH:6
BRDA:7,1,0,1
BRDA:7,1,1,1
BRF:2
BRH:2
end_of_record
TN:
SF:./app/books/js/book-search.controller.js
FN:1,(anonymous_1)
FN:7,(anonymous_2)
FN:8,(anonymous_3)
FN:15,(anonymous_4)
FN:24,(anonymous_5)
FN:25,(anonymous_6)
FN:27,(anonymous_7)
FN:32,(anonymous_8)
FN:33,(anonymous_9)
FN:36,(anonymous_10)
FN:41,(anonymous_11)
FN:45,(anonymous_12)
FN:48,(anonymous_13)
FN:51,(anonymous_14)
FN:54,(anonymous_15)
FN:65,(anonymous_16)
FNF:16
FNH:16
FNDA:13,(anonymous_1)
FNDA:13,(anonymous_2)
FNDA:1,(anonymous_3)
FNDA:1,(anonymous_4)
FNDA:2,(anonymous_5)
FNDA:1,(anonymous_6)
FNDA:1,(anonymous_7)
FNDA:2,(anonymous_8)
FNDA:1,(anonymous_9)
FNDA:1,(anonymous_10)
FNDA:1,(anonymous_11)
FNDA:2,(anonymous_12)
FNDA:2,(anonymous_13)
FNDA:1,(anonymous_14)
FNDA:1,(anonymous_15)
FNDA:1,(anonymous_16)
DA:1,1
DA:4,13
DA:5,13
DA:7,13
DA:8,13
DA:9,1
DA:13,13
DA:15,13
DA:16,1
DA:17,1
DA:18,1
DA:19,1
DA:24,13
DA:25,2
DA:26,1
DA:28,1
DA:32,13
DA:33,2
DA:34,1
DA:35,1
DA:37,1
DA:41,13
DA:42,1
DA:45,13
DA:46,2
DA:48,2
DA:49,2
DA:50,2
DA:52,1
DA:53,1
DA:55,1
DA:60,13
DA:65,13
DA:66,1
DA:67,1
DA:68,1
DA:69,1
LF:37
LH:37
BRDA:17,1,0,1
BRDA:17,1,1,0
BRDA:67,2,0,1
BRDA:67,2,1,0
BRF:4
BRH:2
end_of_record
TN:
SF:./app/books/js/book-search.rest.service.js
FN:1,(anonymous_1)
FN:5,(anonymous_2)
FN:8,(anonymous_3)
FN:11,(anonymous_4)
FN:14,(anonymous_5)
FNF:5
FNH:5
FNDA:29,(anonymous_1)
FNDA:1,(anonymous_2)
FNDA:1,(anonymous_3)
FNDA:1,(anonymous_4)
FNDA:7,(anonymous_5)
DA:1,1
DA:4,29
DA:6,1
DA:9,1
DA:12,1
DA:15,7
LF:6
LH:6
BRF:0
BRH:0
end_of_record
TN:
SF:./app/books/js/book-search.service.js
FN:1,(anonymous_1)
FN:5,(anonymous_2)
FN:8,(anonymous_3)
FN:11,(anonymous_4)
FN:14,(anonymous_5)
FNF:5
FNH:5
FNDA:21,(anonymous_1)
FNDA:1,(anonymous_2)
FNDA:1,(anonymous_3)
FNDA:1,(anonymous_4)
FNDA:7,(anonymous_5)
DA:1,1
DA:4,21
DA:6,1
DA:9,1
DA:12,1
DA:15,7
LF:6
LH:6
BRF:0
BRH:0
end_of_record
TN:
SF:./app/authors/js/authors.module.js
FN:1,(anonymous_1)
FNF:1
FNH:1
FNDA:8,(anonymous_1)
DA:1,1
DA:3,8
LF:2
LH:2
BRF:0
BRH:0
end_of_record
TN:
SF:./app/authors/js/authors-search.controller.js
FN:1,(anonymous_1)
FN:7,(anonymous_2)
FN:8,(anonymous_3)
FN:15,(anonymous_4)
FNF:4
FNH:4
FNDA:3,(anonymous_1)
FNDA:3,(anonymous_2)
FNDA:1,(anonymous_3)
FNDA:1,(anonymous_4)
DA:1,1
DA:4,3
DA:5,3
DA:7,3
DA:8,3
DA:9,1
DA:13,3
DA:15,3
DA:16,1
DA:17,1
LF:10
LH:10
BRF:0
BRH:0
end_of_record
TN:
SF:./app/authors/js/authors-search.rest.service.js
FN:1,(anonymous_1)
FN:5,(anonymous_2)
FNF:2
FNH:2
FNDA:7,(anonymous_1)
FNDA:3,(anonymous_2)
DA:1,1
DA:4,7
DA:6,3
LF:3
LH:3
BRF:0
BRH:0
end_of_record
TN:
SF:./app/authors/js/authors-search.service.js
FN:1,(anonymous_1)
FN:5,(anonymous_2)
FNF:2
FNH:2
FNDA:5,(anonymous_1)
FNDA:3,(anonymous_2)
DA:1,1
DA:4,5
DA:6,3
LF:3
LH:3
BRF:0
BRH:0
end_of_record
TN:
SF:./app/component-1/js/component-1.module.js
FN:2,(anonymous_1)
FNF:1
FNH:1
FNDA:1,(anonymous_1)
DA:1,1
DA:4,1
LF:2
LH:2
BRF:0
BRH:0
end_of_record
TN:
SF:./app/component-2/js/component-2.module.js
FN:2,(anonymous_1)
FNF:1
FNH:1
FNDA:1,(anonymous_1)
DA:1,1
DA:4,1
LF:2
LH:2
BRF:0
BRH:0
end_of_record
